<?xml version="1.0" encoding="UTF-8"?>
<testsuite xmlns:xsi="http://www.w3.org/2001/XMLSchema-instance" xsi:noNamespaceSchemaLocation="https://maven.apache.org/surefire/maven-surefire-plugin/xsd/surefire-test-report-3.0.xsd" version="3.0" name="com.example.handlingformsubmission.HandlingFormSubmissionApplicationTest" time="4.896" tests="2" errors="0" skipped="0" failures="0">
  <properties>
[...]
</properties>
  <testcase name="rendersForm" classname="com.example.handlingformsubmission.HandlingFormSubmissionApplicationTest" time="1.649">
    <system-out><![CDATA[12:38:01.944 [main] INFO org.springframework.test.context.support.AnnotationConfigContextLoaderUtils -- Could not detect default configuration classes for test class [com.example.handlingformsubmission.HandlingFormSubmissionApplicationTest]: HandlingFormSubmissionApplicationTest does not declare any static, non-private, non-final, nested classes annotated with @Configuration.
12:38:02.289 [main] INFO org.springframework.boot.test.context.SpringBootTestContextBootstrapper -- Found @SpringBootConfiguration com.example.handlingformsubmission.HandlingFormSubmissionApplication for test class com.example.handlingformsubmission.HandlingFormSubmissionApplicationTest
  .   ____          _            __ _ _
 /\\ / ___'_ __ _ _(_)_ __  __ _ \ \ \ \
( ( )\___ | '_ | '_| | '_ \/ _` | \ \ \ \
 \\/  ___)| |_)| | | | | || (_| |  ) ) ) )
  '  |____| .__|_| |_|_| |_\__, | / / / /
 =========|_|==============|___/=/_/_/_/

 :: Spring Boot ::                (v3.3.0)

2025-10-30T12:38:03.135+07:00  INFO 19720 --- [           main] .h.HandlingFormSubmissionApplicationTest : Starting HandlingFormSubmissionApplicationTest using Java 17.0.12 with PID 19720 (started by nguye in C:\Users\nguye\OneDrive\Máy tính\AdvJava_Exercise5\gs-handling-form-submission\complete)
2025-10-30T12:38:03.135+07:00  INFO 19720 --- [           main] .h.HandlingFormSubmissionApplicationTest : No active profile set, falling back to 1 default profile: "default"
2025-10-30T12:38:03.173+07:00 DEBUG 19720 --- [           main] o.s.w.c.s.GenericWebApplicationContext   : Refreshing org.springframework.web.context.support.GenericWebApplicationContext@54e7391d
2025-10-30T12:38:04.403+07:00 DEBUG 19720 --- [           main] s.w.s.m.m.a.RequestMappingHandlerMapping : 4 mappings in 'requestMappingHandlerMapping'
2025-10-30T12:38:04.521+07:00 DEBUG 19720 --- [           main] o.s.w.s.handler.SimpleUrlHandlerMapping  : Patterns [/webjars/**, /**] in 'resourceHandlerMapping'
2025-10-30T12:38:04.574+07:00 DEBUG 19720 --- [           main] s.w.s.m.m.a.RequestMappingHandlerAdapter : ControllerAdvice beans: 0 @ModelAttribute, 0 @InitBinder, 1 RequestBodyAdvice, 1 ResponseBodyAdvice
2025-10-30T12:38:04.647+07:00 DEBUG 19720 --- [           main] .m.m.a.ExceptionHandlerExceptionResolver : ControllerAdvice beans: 0 @ExceptionHandler, 1 ResponseBodyAdvice
2025-10-30T12:38:04.777+07:00  INFO 19720 --- [           main] o.s.b.t.m.w.SpringBootMockServletContext : Initializing Spring TestDispatcherServlet ''
2025-10-30T12:38:04.777+07:00  INFO 19720 --- [           main] o.s.t.web.servlet.TestDispatcherServlet  : Initializing Servlet ''
2025-10-30T12:38:04.793+07:00  INFO 19720 --- [           main] o.s.t.web.servlet.TestDispatcherServlet  : Completed initialization in 13 ms
2025-10-30T12:38:04.840+07:00  INFO 19720 --- [           main] .h.HandlingFormSubmissionApplicationTest : Started HandlingFormSubmissionApplicationTest in 2.279 seconds (process running for 3.99)
2025-10-30T12:38:05.979+07:00 DEBUG 19720 --- [           main] s.w.s.m.m.a.RequestMappingHandlerMapping : Mapped to com.example.handlingformsubmission.GreetingController#greetingForm(Model)
2025-10-30T12:38:06.010+07:00 DEBUG 19720 --- [           main] o.s.w.s.v.ContentNegotiatingViewResolver : Selected '*/*' given [*/*]
]]></system-out>
  </testcase>
  <testcase name="submitsForm" classname="com.example.handlingformsubmission.HandlingFormSubmissionApplicationTest" time="0.032">
    <system-out><![CDATA[2025-10-30T12:38:06.504+07:00 DEBUG 19720 --- [           main] s.w.s.m.m.a.RequestMappingHandlerMapping : Mapped to com.example.handlingformsubmission.GreetingController#greetingSubmit(Greeting, Model)
2025-10-30T12:38:06.520+07:00 DEBUG 19720 --- [           main] o.s.w.s.v.ContentNegotiatingViewResolver : Selected '*/*' given [*/*]
]]></system-out>
  </testcase>
</testsuite>